# JRE version: OpenJDK Runtime Environment (8.0_202-b03) (build 1.8.0_202-release-1483-b03)
# Java VM: OpenJDK 64-Bit Server VM (25.202-b03 mixed mode windows-amd64 compressed oops)
Heap:
 PSYoungGen      total 224256K, used 37073K [0x00000000e0000000, 0x00000000f6700000, 0x0000000100000000)
  eden space 139776K, 26% used [0x00000000e0000000,0x00000000e24345c8,0x00000000e8880000)
  from space 84480K, 0% used [0x00000000e8880000,0x00000000e8880000,0x00000000edb00000)
  to   space 90112K, 0% used [0x00000000f0f00000,0x00000000f0f00000,0x00000000f6700000)
 ParOldGen       total 134656K, used 27517K [0x00000000a0000000, 0x00000000a8380000, 0x00000000e0000000)
  object space 134656K, 20% used [0x00000000a0000000,0x00000000a1adf5c0,0x00000000a8380000)
 Metaspace       used 49979K, capacity 50936K, committed 51240K, reserved 1093632K
  class space    used 5819K, capacity 6073K, committed 6192K, reserved 1048576K
GC Heap History (10 events):
Event: 2793.919 GC heap before
{Heap before GC invocations=21 (full 4):
 PSYoungGen      total 224256K, used 61864K [0x00000000e0000000, 0x00000000f6700000, 0x0000000100000000)
  eden space 139776K, 0% used [0x00000000e0000000,0x00000000e0000000,0x00000000e8880000)
  from space 84480K, 73% used [0x00000000e8880000,0x00000000ec4ea340,0x00000000edb00000)
  to   space 90112K, 0% used [0x00000000f0f00000,0x00000000f0f00000,0x00000000f6700000)
 ParOldGen       total 134656K, used 134598K [0x00000000a0000000, 0x00000000a8380000, 0x00000000e0000000)
  object space 134656K, 99% used [0x00000000a0000000,0x00000000a8371858,0x00000000a8380000)
 Metaspace       used 49123K, capacity 50098K, committed 50344K, reserved 1093632K
  class space    used 5792K, capacity 6044K, committed 6064K, reserved 1048576K
Event: 2794.587 GC heap after
Heap after GC invocations=21 (full 4):
 PSYoungGen      total 224256K, used 10010K [0x00000000e0000000, 0x00000000f6700000, 0x0000000100000000)
  eden space 139776K, 0% used [0x00000000e0000000,0x00000000e0000000,0x00000000e8880000)
  from space 84480K, 11% used [0x00000000e8880000,0x00000000e92468d8,0x00000000edb00000)
  to   space 90112K, 0% used [0x00000000f0f00000,0x00000000f0f00000,0x00000000f6700000)
 ParOldGen       total 134656K, used 134399K [0x00000000a0000000, 0x00000000a8380000, 0x00000000e0000000)
  object space 134656K, 99% used [0x00000000a0000000,0x00000000a833fe60,0x00000000a8380000)
 Metaspace       used 48490K, capacity 49344K, committed 50344K, reserved 1093632K
  class space    used 5711K, capacity 5937K, committed 6064K, reserved 1048576K
}
Event: 2795.335 GC heap before
{Heap before GC invocations=22 (full 5):
 PSYoungGen      total 224256K, used 149786K [0x00000000e0000000, 0x00000000f6700000, 0x0000000100000000)
  eden space 139776K, 100% used [0x00000000e0000000,0x00000000e8880000,0x00000000e8880000)
  from space 84480K, 11% used [0x00000000e8880000,0x00000000e92468d8,0x00000000edb00000)
  to   space 90112K, 0% used [0x00000000f0f00000,0x00000000f0f00000,0x00000000f6700000)
 ParOldGen       total 134656K, used 134399K [0x00000000a0000000, 0x00000000a8380000, 0x00000000e0000000)
  object space 134656K, 99% used [0x00000000a0000000,0x00000000a833fe60,0x00000000a8380000)
 Metaspace       used 48771K, capacity 49636K, committed 50344K, reserved 1093632K
  class space    used 5735K, capacity 5941K, committed 6064K, reserved 1048576K
Event: 2796.383 GC heap after
Heap after GC invocations=22 (full 5):
 PSYoungGen      total 224256K, used 34702K [0x00000000e0000000, 0x00000000f6700000, 0x0000000100000000)
  eden space 139776K, 24% used [0x00000000e0000000,0x00000000e21e38e8,0x00000000e8880000)
  from space 84480K, 0% used [0x00000000e8880000,0x00000000e8880000,0x00000000edb00000)
  to   space 90112K, 0% used [0x00000000f0f00000,0x00000000f0f00000,0x00000000f6700000)
 ParOldGen       total 134656K, used 134534K [0x00000000a0000000, 0x00000000a8380000, 0x00000000e0000000)
  object space 134656K, 99% used [0x00000000a0000000,0x00000000a8361920,0x00000000a8380000)
 Metaspace       used 48771K, capacity 49636K, committed 50344K, reserved 1093632K
  class space    used 5735K, capacity 5941K, committed 6064K, reserved 1048576K
}
Event: 2797.285 GC heap before
{Heap before GC invocations=23 (full 6):
 PSYoungGen      total 224256K, used 139776K [0x00000000e0000000, 0x00000000f6700000, 0x0000000100000000)
  eden space 139776K, 100% used [0x00000000e0000000,0x00000000e8880000,0x00000000e8880000)
  from space 84480K, 0% used [0x00000000e8880000,0x00000000e8880000,0x00000000edb00000)
  to   space 90112K, 0% used [0x00000000f0f00000,0x00000000f0f00000,0x00000000f6700000)
 ParOldGen       total 134656K, used 134534K [0x00000000a0000000, 0x00000000a8380000, 0x00000000e0000000)
  object space 134656K, 99% used [0x00000000a0000000,0x00000000a8361920,0x00000000a8380000)
 Metaspace       used 49283K, capacity 50106K, committed 50344K, reserved 1093632K
  class space    used 5770K, capacity 5984K, committed 6064K, reserved 1048576K
Event: 2798.131 GC heap after
Heap after GC invocations=23 (full 6):
 PSYoungGen      total 224256K, used 53671K [0x00000000e0000000, 0x00000000f6700000, 0x0000000100000000)
  eden space 139776K, 38% used [0x00000000e0000000,0x00000000e3469f30,0x00000000e8880000)
  from space 84480K, 0% used [0x00000000e8880000,0x00000000e8880000,0x00000000edb00000)
  to   space 90112K, 0% used [0x00000000f0f00000,0x00000000f0f00000,0x00000000f6700000)
 ParOldGen       total 134656K, used 134303K [0x00000000a0000000, 0x00000000a8380000, 0x00000000e0000000)
  object space 134656K, 99% used [0x00000000a0000000,0x00000000a8327ed8,0x00000000a8380000)
 Metaspace       used 49283K, capacity 50106K, committed 50344K, reserved 1093632K
  class space    used 5770K, capacity 5984K, committed 6064K, reserved 1048576K
}
Event: 2798.504 GC heap before
{Heap before GC invocations=24 (full 7):
 PSYoungGen      total 224256K, used 139776K [0x00000000e0000000, 0x00000000f6700000, 0x0000000100000000)
  eden space 139776K, 100% used [0x00000000e0000000,0x00000000e8880000,0x00000000e8880000)
  from space 84480K, 0% used [0x00000000e8880000,0x00000000e8880000,0x00000000edb00000)
  to   space 90112K, 0% used [0x00000000f0f00000,0x00000000f0f00000,0x00000000f6700000)
 ParOldGen       total 134656K, used 134303K [0x00000000a0000000, 0x00000000a8380000, 0x00000000e0000000)
  object space 134656K, 99% used [0x00000000a0000000,0x00000000a8327ed8,0x00000000a8380000)
 Metaspace       used 49382K, capacity 50234K, committed 50600K, reserved 1093632K
  class space    used 5774K, capacity 5984K, committed 6064K, reserved 1048576K
Event: 2799.170 GC heap after
Heap after GC invocations=24 (full 7):
 PSYoungGen      total 224256K, used 57579K [0x00000000e0000000, 0x00000000f6700000, 0x0000000100000000)
  eden space 139776K, 41% used [0x00000000e0000000,0x00000000e383ad10,0x00000000e8880000)
  from space 84480K, 0% used [0x00000000e8880000,0x00000000e8880000,0x00000000edb00000)
  to   space 90112K, 0% used [0x00000000f0f00000,0x00000000f0f00000,0x00000000f6700000)
 ParOldGen       total 134656K, used 134650K [0x00000000a0000000, 0x00000000a8380000, 0x00000000e0000000)
  object space 134656K, 99% used [0x00000000a0000000,0x00000000a837e928,0x00000000a8380000)
 Metaspace       used 49382K, capacity 50234K, committed 50600K, reserved 1093632K
  class space    used 5774K, capacity 5984K, committed 6064K, reserved 1048576K
}
Event: 2867.841 GC heap before
{Heap before GC invocations=25 (full 8):
 PSYoungGen      total 224256K, used 139776K [0x00000000e0000000, 0x00000000f6700000, 0x0000000100000000)
  eden space 139776K, 100% used [0x00000000e0000000,0x00000000e8880000,0x00000000e8880000)
  from space 84480K, 0% used [0x00000000e8880000,0x00000000e8880000,0x00000000edb00000)
  to   space 90112K, 0% used [0x00000000f0f00000,0x00000000f0f00000,0x00000000f6700000)
 ParOldGen       total 134656K, used 134650K [0x00000000a0000000, 0x00000000a8380000, 0x00000000e0000000)
  object space 134656K, 99% used [0x00000000a0000000,0x00000000a837e928,0x00000000a8380000)
 Metaspace       used 49900K, capacity 50872K, committed 51240K, reserved 1093632K
  class space    used 5812K, capacity 6073K, committed 6192K, reserved 1048576K
Event: 2867.916 GC heap after
Heap after GC invocations=25 (full 8):
 PSYoungGen      total 224256K, used 0K [0x00000000e0000000, 0x00000000f6700000, 0x0000000100000000)
  eden space 139776K, 0% used [0x00000000e0000000,0x00000000e0000000,0x00000000e8880000)
  from space 84480K, 0% used [0x00000000e8880000,0x00000000e8880000,0x00000000edb00000)
  to   space 90112K, 0% used [0x00000000f0f00000,0x00000000f0f00000,0x00000000f6700000)
 ParOldGen       total 134656K, used 27517K [0x00000000a0000000, 0x00000000a8380000, 0x00000000e0000000)
  object space 134656K, 20% used [0x00000000a0000000,0x00000000a1adf5c0,0x00000000a8380000)
 Metaspace       used 49900K, capacity 50872K, committed 51240K, reserved 1093632K
  class space    used 5812K, capacity 6073K, committed 6192K, reserved 1048576K
}

